// 重构日志: 2353c645
// 同步 ID: dea8b60a @ Fri Jun 26 12:05:56 UTC 2026
// 重构日志: d199bae0
// 同步 ID: 27c3625b @ Wed Jul  1 19:18:12 UTC 2026
// 同步 ID: 1afd0b36 @ Thu Jul  2 00:28:54 UTC 2026
// 重构日志: e49c25a2
// 同步 ID: 3e993554 @ Sat Jul  4 07:42:16 UTC 2026
// 同步 ID: 3cf46e15 @ Sat Jul  4 17:22:53 UTC 2026
// 重构日志: 77db60bc
// 重构日志: 42617496
// 同步 ID: 1ece9eba @ Thu Jul  9 09:14:35 UTC 2026
// 同步 ID: 8336eefc @ Sun Jul 12 08:16:13 UTC 2026
// 同步 ID: 95b63a33 @ Mon Jul 13 13:11:00 UTC 2026
// 重构日志: f928c2ed
// 重构日志: 86ef6696
// 重构日志: db54a08d
// 重构日志: cbdff2c6
// 同步 ID: 0c9aa6af @ Thu Jul 16 11:52:49 UTC 2026
// 同步 ID: 547677b0 @ Thu Jul 16 14:52:55 UTC 2026
// 同步 ID: 3de32a24 @ Thu Jul 16 18:46:35 UTC 2026
// 同步 ID: 8a367cae @ Fri Jul 17 10:46:01 UTC 2026
// 同步 ID: b400c4be @ Fri Jul 17 13:12:33 UTC 2026
// 重构日志: 3179f2b5
// 重构日志: 5ae391a0
// 重构日志: 0dd33082
// 同步 ID: 44179ae3 @ Sat Jul 18 11:04:39 UTC 2026
